This is pdfTeX, Version 3.1415926-1.40.10 (TeX Live 2009/Debian) (format=pdflatex 2012.6.10)  23 SEP 2012 21:39
entering extended mode
 %&-line parsing enabled.
**resolucion.tex
(./resolucion.tex
LaTeX2e <2009/09/24>
Babel <v3.8l> and hyphenation patterns for english, usenglishmax, dumylang, noh
yphenation, loaded.
(/usr/share/texmf-texlive/tex/latex/base/article.cls
Document Class: article 2007/10/19 v1.4h Standard LaTeX document class
(/usr/share/texmf-texlive/tex/latex/base/size10.clo
File: size10.clo 2007/10/19 v1.4h Standard LaTeX file (size option)
)
\c@part=\count79
\c@section=\count80
\c@subsection=\count81
\c@subsubsection=\count82
\c@paragraph=\count83
\c@subparagraph=\count84
\c@figure=\count85
\c@table=\count86
\abovecaptionskip=\skip41
\belowcaptionskip=\skip42
\bibindent=\dimen102
)
(/usr/share/texmf-texlive/tex/latex/geometry/geometry.sty
Package: geometry 2008/12/21 v4.2 Page Geometry

(/usr/share/texmf-texlive/tex/latex/graphics/keyval.sty
Package: keyval 1999/03/16 v1.13 key=value parser (DPC)
\KV@toks@=\toks14
)
(/usr/share/texmf-texlive/tex/generic/oberdiek/ifpdf.sty
Package: ifpdf 2009/04/10 v2.0 Provides the ifpdf switch (HO)
Package ifpdf Info: pdfTeX in pdf mode detected.
)
(/usr/share/texmf-texlive/tex/generic/oberdiek/ifvtex.sty
Package: ifvtex 2008/11/04 v1.4 Switches for detecting VTeX and its modes (HO)
Package ifvtex Info: VTeX not detected.
)
\Gm@cnth=\count87
\Gm@cntv=\count88
\c@Gm@tempcnt=\count89
\Gm@bindingoffset=\dimen103
\Gm@wd@mp=\dimen104
\Gm@odd@mp=\dimen105
\Gm@even@mp=\dimen106
\Gm@dimlist=\toks15
)
(/usr/share/texmf-texlive/tex/generic/babel/babel.sty
Package: babel 2008/07/06 v3.8l The Babel package

(/usr/share/texmf-texlive/tex/generic/babel/spanish.ldf
Language: spanish.ldf 2009/01/02 v5.0h Spanish support from the babel system

(/usr/share/texmf-texlive/tex/generic/babel/babel.def
File: babel.def 2008/07/06 v3.8l Babel common definitions
\babel@savecnt=\count90
\U@D=\dimen107
)

Package babel Warning: No hyphenation patterns were loaded for
(babel)                the language `Spanish'
(babel)                I will use the patterns loaded for \language=0 instead.

\l@spanish = a dialect from \language0
\es@datefmt=\count91
\es@quottoks=\toks16
\es@quotdepth=\count92
Package babel Info: Making " an active character on input line 492.
Package babel Info: Making . an active character on input line 585.
Package babel Info: Making < an active character on input line 630.
Package babel Info: Making > an active character on input line 630.
)) (/usr/share/texmf-texlive/tex/latex/base/inputenc.sty
Package: inputenc 2008/03/30 v1.1d Input encoding file
\inpenc@prehook=\toks17
\inpenc@posthook=\toks18

(/usr/share/texmf-texlive/tex/latex/base/latin1.def
File: latin1.def 2008/03/30 v1.1d Input encoding file
)) (./caratula.sty
Package: caratula 2005/08/09 v0.4 Para componer caratulas de TPs del DC

(/usr/share/texmf-texlive/tex/latex/base/ifthen.sty
Package: ifthen 2001/05/26 v1.1c Standard LaTeX ifthen package (DPC)
)
(/usr/share/texmf-texlive/tex/latex/graphics/graphicx.sty
Package: graphicx 1999/02/16 v1.0f Enhanced LaTeX Graphics (DPC,SPQR)

(/usr/share/texmf-texlive/tex/latex/graphics/graphics.sty
Package: graphics 2009/02/05 v1.0o Standard LaTeX Graphics (DPC,SPQR)

(/usr/share/texmf-texlive/tex/latex/graphics/trig.sty
Package: trig 1999/03/16 v1.09 sin cos tan (DPC)
)
(/etc/texmf/tex/latex/config/graphics.cfg
File: graphics.cfg 2009/08/28 v1.8 graphics configuration of TeX Live
)
Package graphics Info: Driver file: pdftex.def on input line 91.

(/usr/share/texmf-texlive/tex/latex/pdftex-def/pdftex.def
File: pdftex.def 2010/03/12 v0.04p Graphics/color for pdfTeX
\Gread@gobject=\count93
))
\Gin@req@height=\dimen108
\Gin@req@width=\dimen109
)
Cargando package 'caratula' v0.4 (2006/09/29)
\intlist=\toks19
\intlistSinLU=\toks20
\c@integrantesCount=\count94
\intTabNombre=\toks21
\intTabLU=\toks22
\intTabEmail=\toks23
\c@directoresCount=\count95
\direcTabNombre=\toks24
\direcTabEmail=\toks25
) (/usr/share/texmf-texlive/tex/latex/tools/verbatim.sty
Package: verbatim 2003/08/22 v1.5q LaTeX2e package for verbatim enhancements
\every@verbatim=\toks26
\verbatim@line=\toks27
\verbatim@in@stream=\read1
) (./resolucion.aux)
\openout1 = `resolucion.aux'.

LaTeX Font Info:    Checking defaults for OML/cmm/m/it on input line 19.
LaTeX Font Info:    ... okay on input line 19.
LaTeX Font Info:    Checking defaults for T1/cmr/m/n on input line 19.
LaTeX Font Info:    ... okay on input line 19.
LaTeX Font Info:    Checking defaults for OT1/cmr/m/n on input line 19.
LaTeX Font Info:    ... okay on input line 19.
LaTeX Font Info:    Checking defaults for OMS/cmsy/m/n on input line 19.
LaTeX Font Info:    ... okay on input line 19.
LaTeX Font Info:    Checking defaults for OMX/cmex/m/n on input line 19.
LaTeX Font Info:    ... okay on input line 19.
LaTeX Font Info:    Checking defaults for U/cmr/m/n on input line 19.
LaTeX Font Info:    ... okay on input line 19.

*geometry auto-detecting driver*
*geometry detected driver: pdftex*
-------------------- Geometry parameters
paper: a4paper
landscape: --
twocolumn: --
twoside: --
asymmetric: --
h-parts: 36.135pt, 525.23788pt, 36.135pt
v-parts: 36.135pt, 772.77686pt, 36.135pt
hmarginratio: --
vmarginratio: --
lines: --
heightrounded: --
bindingoffset: 0.0pt
truedimen: --
includehead: --
includefoot: --
includemp: --
driver: pdftex
-------------------- Page layout dimensions and switches
\paperwidth  597.50787pt
\paperheight 845.04684pt
\textwidth  525.23788pt
\textheight 772.77686pt
\oddsidemargin  -36.135pt
\evensidemargin -36.135pt
\topmargin  -73.135pt
\headheight 12.0pt
\headsep    25.0pt
\footskip   30.0pt
\marginparwidth 57.0pt
\marginparsep   11.0pt
\columnsep  10.0pt
\skip\footins  9.0pt plus 4.0pt minus 2.0pt
\hoffset 0.0pt
\voffset 0.0pt
\mag 1000

(1in=72.27pt, 1cm=28.45pt)
-----------------------
(/usr/share/texmf-texlive/tex/context/base/supp-pdf.mkii
[Loading MPS to PDF converter (version 2006.09.02).]
\scratchcounter=\count96
\scratchdimen=\dimen110
\scratchbox=\box26
\nofMPsegments=\count97
\nofMParguments=\count98
\everyMPshowfont=\toks28
\MPscratchCnt=\count99
\MPscratchDim=\dimen111
\MPnumerator=\count100
\everyMPtoPDFconversion=\toks29
) <logo_dc.jpg, id=1, 215.6055pt x 83.5923pt>
File: logo_dc.jpg Graphic file (type jpg)
 <use logo_dc.jpg>
Underfull \hbox (badness 10000) in paragraph at lines 21--21

 []

LaTeX Font Info:    External font `cmex10' loaded for size
(Font)              <7> on input line 21.
LaTeX Font Info:    External font `cmex10' loaded for size
(Font)              <5> on input line 21.
<logo_uba.jpg, id=2, 225.4824pt x 231.7458pt>
File: logo_uba.jpg Graphic file (type jpg)
 <use logo_uba.jpg>
Underfull \hbox (badness 10000) in paragraph at lines 21--21

 []

[1

{/var/lib/texmf/fonts/map/pdftex/updmap/pdftex.map} <./logo_dc.jpg> <./logo_uba
.jpg>] <imagenes/contexto.png, id=15, 1557.82pt x 989.6975pt>
File: imagenes/contexto.png Graphic file (type png)

<use imagenes/contexto.png> [2 <./imagenes/contexto.png (PNG copy)>]
<imagenes/root.png, id=19, 1964.33875pt x 452.69125pt>
File: imagenes/root.png Graphic file (type png)
 <use imagenes/root.png>
Overfull \hbox (29.56897pt too wide) in paragraph at lines 36--37
[][] 
 []

<imagenes/Registrarse.png, id=20, 1813.77625pt x 522.95375pt>
File: imagenes/Registrarse.png Graphic file (type png)

<use imagenes/Registrarse.png>
<imagenes/Registrarsea.png, id=21, 956.57375pt x 571.13374pt>
File: imagenes/Registrarsea.png Graphic file (type png)

<use imagenes/Registrarsea.png>
Overfull \hbox (29.5821pt too wide) in paragraph at lines 39--41
[][]
 []


Overfull \hbox (29.58987pt too wide) in paragraph at lines 39--41
[] 
 []

<imagenes/Ingresenrecorridos.png, id=22, 1125.20375pt x 508.90125pt>
File: imagenes/Ingresenrecorridos.png Graphic file (type png)

<use imagenes/Ingresenrecorridos.png>
<imagenes/Ingresenrecorridosa.png, id=23, 1844.8925pt x 518.93875pt>
File: imagenes/Ingresenrecorridosa.png Graphic file (type png)

<use imagenes/Ingresenrecorridosa.png>
Overfull \hbox (29.58496pt too wide) in paragraph at lines 43--45
[][]
 []


Overfull \hbox (29.58537pt too wide) in paragraph at lines 43--45
[] 
 []

[3 <./imagenes/root.png (PNG copy)> <./imagenes/Registrarse.png (PNG copy)> <./
imagenes/Registrarsea.png (PNG copy)>] [4 <./imagenes/Ingresenrecorridos.png (P
NG copy)> <./imagenes/Ingresenrecorridosa.png (PNG copy)>]
<imagenes/Mostrar.png, id=30, 680.5425pt x 343.2825pt>
File: imagenes/Mostrar.png Graphic file (type png)

<use imagenes/Mostrar.png>
<imagenes/Mostrara.png, id=31, 1334.9875pt x 673.51625pt>
File: imagenes/Mostrara.png Graphic file (type png)

<use imagenes/Mostrara.png>
<imagenes/Mostrarb.png, id=32, 770.88pt x 623.32875pt>
File: imagenes/Mostrarb.png Graphic file (type png)

<use imagenes/Mostrarb.png>
Overfull \hbox (29.62262pt too wide) in paragraph at lines 53--56
[]
 []


Overfull \hbox (29.6068pt too wide) in paragraph at lines 53--56
[]
 []


Overfull \hbox (29.58357pt too wide) in paragraph at lines 53--56
[] 
 []

<imagenes/Comunicacion.png, id=33, 1494.58376pt x 660.4675pt>
File: imagenes/Comunicacion.png Graphic file (type png)

<use imagenes/Comunicacion.png>
Overfull \hbox (29.5967pt too wide) in paragraph at lines 58--59
[][] 
 []

[5 <./imagenes/Mostrar.png (PNG copy)> <./imagenes/Mostrara.png (PNG copy)> <./
imagenes/Mostrarb.png (PNG copy)>]
<imagenes/Retribucion.png, id=37, 1437.37pt x 520.94624pt>
File: imagenes/Retribucion.png Graphic file (type png)

<use imagenes/Retribucion.png>
Overfull \hbox (29.60979pt too wide) in paragraph at lines 61--62
[][] 
 []

<imagenes/InformacionDelClimayViajes.png, id=38, 748.7975pt x 450.68375pt>
File: imagenes/InformacionDelClimayViajes.png Graphic file (type png)

<use imagenes/InformacionDelClimayViajes.png>
Overfull \hbox (29.61769pt too wide) in paragraph at lines 64--65
[][] 
 []

[6 <./imagenes/Comunicacion.png (PNG copy)> <./imagenes/Retribucion.png (PNG co
py)> <./imagenes/InformacionDelClimayViajes.png (PNG copy)>] [7]
(./resolucion.aux) ) 
Here is how much of TeX's memory you used:
 2146 strings out of 495061
 28568 string characters out of 1182621
 89734 words of memory out of 3000000
 5325 multiletter control sequences out of 15000+50000
 6232 words of font info for 23 fonts, out of 3000000 for 9000
 28 hyphenation exceptions out of 8191
 32i,8n,32p,1804b,203s stack positions out of 5000i,500n,10000p,200000b,50000s
</usr/share/texmf-texlive/fonts/type1/public/amsfonts/cm/cm
bx10.pfb></usr/share/texmf-texlive/fonts/type1/public/amsfonts/cm/cmbx12.pfb></
usr/share/texmf-texlive/fonts/type1/public/amsfonts/cm/cmr10.pfb></usr/share/te
xmf-texlive/fonts/type1/public/amsfonts/cm/cmr12.pfb></usr/share/texmf-texlive/
fonts/type1/public/amsfonts/cm/cmr7.pfb></usr/share/texmf-texlive/fonts/type1/p
ublic/amsfonts/cm/cmss10.pfb></usr/share/texmf-texlive/fonts/type1/public/amsfo
nts/cm/cmssbx10.pfb></usr/share/texmf-texlive/fonts/type1/public/amsfonts/cm/cm
tt10.pfb>
Output written on resolucion.pdf (7 pages, 1029049 bytes).
PDF statistics:
 72 PDF objects out of 1000 (max. 8388607)
 0 named destinations out of 1000 (max. 500000)
 71 words of extra memory for PDF output out of 10000 (max. 10000000)

